State 19 conflicts: 10 shift/reduce


Grammar

    0 $accept: exprlist $end

    1 exprlist: expr ';'
    2         | exprlist expr ';'

    3 expr: NUMBER
    4     | IDENTIFIER
    5     | IDENTIFIER '=' expr
    6     | expr PLUS expr
    7     | expr '-' expr
    8     | expr '*' expr
    9     | expr '/' expr
   10     | expr '<' expr
   11     | expr '>' expr
   12     | expr LE expr
   13     | expr GE expr
   14     | expr EQ expr
   15     | expr NE expr


Terminals, with rules where they appear

$end (0) 0
'*' (42) 8
'-' (45) 7
'/' (47) 9
';' (59) 1 2
'<' (60) 10
'=' (61) 5
'>' (62) 11
error (256)
NUMBER (258) 3
IDENTIFIER (259) 4 5
PLUS (260) 6
EQ (261) 14
NE (262) 15
GE (263) 13
LE (264) 12


Nonterminals, with rules where they appear

$accept (17)
    on left: 0
exprlist (18)
    on left: 1 2, on right: 0 2
expr (19)
    on left: 3 4 5 6 7 8 9 10 11 12 13 14 15, on right: 1 2 5 6 7 8
    9 10 11 12 13 14 15


State 0

    0 $accept: . exprlist $end

    NUMBER      shift, and go to state 1
    IDENTIFIER  shift, and go to state 2

    exprlist  go to state 3
    expr      go to state 4


State 1

    3 expr: NUMBER .

    $default  reduce using rule 3 (expr)


State 2

    4 expr: IDENTIFIER .
    5     | IDENTIFIER . '=' expr

    '='  shift, and go to state 5

    $default  reduce using rule 4 (expr)


State 3

    0 $accept: exprlist . $end
    2 exprlist: exprlist . expr ';'

    $end        shift, and go to state 6
    NUMBER      shift, and go to state 1
    IDENTIFIER  shift, and go to state 2

    expr  go to state 7


State 4

    1 exprlist: expr . ';'
    6 expr: expr . PLUS expr
    7     | expr . '-' expr
    8     | expr . '*' expr
    9     | expr . '/' expr
   10     | expr . '<' expr
   11     | expr . '>' expr
   12     | expr . LE expr
   13     | expr . GE expr
   14     | expr . EQ expr
   15     | expr . NE expr

    PLUS  shift, and go to state 8
    '<'   shift, and go to state 9
    '>'   shift, and go to state 10
    EQ    shift, and go to state 11
    NE    shift, and go to state 12
    GE    shift, and go to state 13
    LE    shift, and go to state 14
    '-'   shift, and go to state 15
    '*'   shift, and go to state 16
    '/'   shift, and go to state 17
    ';'   shift, and go to state 18


State 5

    5 expr: IDENTIFIER '=' . expr

    NUMBER      shift, and go to state 1
    IDENTIFIER  shift, and go to state 2

    expr  go to state 19


State 6

    0 $accept: exprlist $end .

    $default  accept


State 7

    2 exprlist: exprlist expr . ';'
    6 expr: expr . PLUS expr
    7     | expr . '-' expr
    8     | expr . '*' expr
    9     | expr . '/' expr
   10     | expr . '<' expr
   11     | expr . '>' expr
   12     | expr . LE expr
   13     | expr . GE expr
   14     | expr . EQ expr
   15     | expr . NE expr

    PLUS  shift, and go to state 8
    '<'   shift, and go to state 9
    '>'   shift, and go to state 10
    EQ    shift, and go to state 11
    NE    shift, and go to state 12
    GE    shift, and go to state 13
    LE    shift, and go to state 14
    '-'   shift, and go to state 15
    '*'   shift, and go to state 16
    '/'   shift, and go to state 17
    ';'   shift, and go to state 20


State 8

    6 expr: expr PLUS . expr

    NUMBER      shift, and go to state 1
    IDENTIFIER  shift, and go to state 2

    expr  go to state 21


State 9

   10 expr: expr '<' . expr

    NUMBER      shift, and go to state 1
    IDENTIFIER  shift, and go to state 2

    expr  go to state 22


State 10

   11 expr: expr '>' . expr

    NUMBER      shift, and go to state 1
    IDENTIFIER  shift, and go to state 2

    expr  go to state 23


State 11

   14 expr: expr EQ . expr

    NUMBER      shift, and go to state 1
    IDENTIFIER  shift, and go to state 2

    expr  go to state 24


State 12

   15 expr: expr NE . expr

    NUMBER      shift, and go to state 1
    IDENTIFIER  shift, and go to state 2

    expr  go to state 25


State 13

   13 expr: expr GE . expr

    NUMBER      shift, and go to state 1
    IDENTIFIER  shift, and go to state 2

    expr  go to state 26


State 14

   12 expr: expr LE . expr

    NUMBER      shift, and go to state 1
    IDENTIFIER  shift, and go to state 2

    expr  go to state 27


State 15

    7 expr: expr '-' . expr

    NUMBER      shift, and go to state 1
    IDENTIFIER  shift, and go to state 2

    expr  go to state 28


State 16

    8 expr: expr '*' . expr

    NUMBER      shift, and go to state 1
    IDENTIFIER  shift, and go to state 2

    expr  go to state 29


State 17

    9 expr: expr '/' . expr

    NUMBER      shift, and go to state 1
    IDENTIFIER  shift, and go to state 2

    expr  go to state 30


State 18

    1 exprlist: expr ';' .

    $default  reduce using rule 1 (exprlist)


State 19

    5 expr: IDENTIFIER '=' expr .
    6     | expr . PLUS expr
    7     | expr . '-' expr
    8     | expr . '*' expr
    9     | expr . '/' expr
   10     | expr . '<' expr
   11     | expr . '>' expr
   12     | expr . LE expr
   13     | expr . GE expr
   14     | expr . EQ expr
   15     | expr . NE expr

    PLUS  shift, and go to state 8
    '<'   shift, and go to state 9
    '>'   shift, and go to state 10
    EQ    shift, and go to state 11
    NE    shift, and go to state 12
    GE    shift, and go to state 13
    LE    shift, and go to state 14
    '-'   shift, and go to state 15
    '*'   shift, and go to state 16
    '/'   shift, and go to state 17

    PLUS      [reduce using rule 5 (expr)]
    '<'       [reduce using rule 5 (expr)]
    '>'       [reduce using rule 5 (expr)]
    EQ        [reduce using rule 5 (expr)]
    NE        [reduce using rule 5 (expr)]
    GE        [reduce using rule 5 (expr)]
    LE        [reduce using rule 5 (expr)]
    '-'       [reduce using rule 5 (expr)]
    '*'       [reduce using rule 5 (expr)]
    '/'       [reduce using rule 5 (expr)]
    $default  reduce using rule 5 (expr)


State 20

    2 exprlist: exprlist expr ';' .

    $default  reduce using rule 2 (exprlist)


State 21

    6 expr: expr . PLUS expr
    6     | expr PLUS expr .
    7     | expr . '-' expr
    8     | expr . '*' expr
    9     | expr . '/' expr
   10     | expr . '<' expr
   11     | expr . '>' expr
   12     | expr . LE expr
   13     | expr . GE expr
   14     | expr . EQ expr
   15     | expr . NE expr

    '*'  shift, and go to state 16
    '/'  shift, and go to state 17

    $default  reduce using rule 6 (expr)


State 22

    6 expr: expr . PLUS expr
    7     | expr . '-' expr
    8     | expr . '*' expr
    9     | expr . '/' expr
   10     | expr . '<' expr
   10     | expr '<' expr .
   11     | expr . '>' expr
   12     | expr . LE expr
   13     | expr . GE expr
   14     | expr . EQ expr
   15     | expr . NE expr

    PLUS  shift, and go to state 8
    '-'   shift, and go to state 15
    '*'   shift, and go to state 16
    '/'   shift, and go to state 17

    '<'  error (nonassociative)
    '>'  error (nonassociative)
    EQ   error (nonassociative)
    NE   error (nonassociative)
    GE   error (nonassociative)
    LE   error (nonassociative)

    $default  reduce using rule 10 (expr)


State 23

    6 expr: expr . PLUS expr
    7     | expr . '-' expr
    8     | expr . '*' expr
    9     | expr . '/' expr
   10     | expr . '<' expr
   11     | expr . '>' expr
   11     | expr '>' expr .
   12     | expr . LE expr
   13     | expr . GE expr
   14     | expr . EQ expr
   15     | expr . NE expr

    PLUS  shift, and go to state 8
    '-'   shift, and go to state 15
    '*'   shift, and go to state 16
    '/'   shift, and go to state 17

    '<'  error (nonassociative)
    '>'  error (nonassociative)
    EQ   error (nonassociative)
    NE   error (nonassociative)
    GE   error (nonassociative)
    LE   error (nonassociative)

    $default  reduce using rule 11 (expr)


State 24

    6 expr: expr . PLUS expr
    7     | expr . '-' expr
    8     | expr . '*' expr
    9     | expr . '/' expr
   10     | expr . '<' expr
   11     | expr . '>' expr
   12     | expr . LE expr
   13     | expr . GE expr
   14     | expr . EQ expr
   14     | expr EQ expr .
   15     | expr . NE expr

    PLUS  shift, and go to state 8
    '-'   shift, and go to state 15
    '*'   shift, and go to state 16
    '/'   shift, and go to state 17

    '<'  error (nonassociative)
    '>'  error (nonassociative)
    EQ   error (nonassociative)
    NE   error (nonassociative)
    GE   error (nonassociative)
    LE   error (nonassociative)

    $default  reduce using rule 14 (expr)


State 25

    6 expr: expr . PLUS expr
    7     | expr . '-' expr
    8     | expr . '*' expr
    9     | expr . '/' expr
   10     | expr . '<' expr
   11     | expr . '>' expr
   12     | expr . LE expr
   13     | expr . GE expr
   14     | expr . EQ expr
   15     | expr . NE expr
   15     | expr NE expr .

    PLUS  shift, and go to state 8
    '-'   shift, and go to state 15
    '*'   shift, and go to state 16
    '/'   shift, and go to state 17

    '<'  error (nonassociative)
    '>'  error (nonassociative)
    EQ   error (nonassociative)
    NE   error (nonassociative)
    GE   error (nonassociative)
    LE   error (nonassociative)

    $default  reduce using rule 15 (expr)


State 26

    6 expr: expr . PLUS expr
    7     | expr . '-' expr
    8     | expr . '*' expr
    9     | expr . '/' expr
   10     | expr . '<' expr
   11     | expr . '>' expr
   12     | expr . LE expr
   13     | expr . GE expr
   13     | expr GE expr .
   14     | expr . EQ expr
   15     | expr . NE expr

    PLUS  shift, and go to state 8
    '-'   shift, and go to state 15
    '*'   shift, and go to state 16
    '/'   shift, and go to state 17

    '<'  error (nonassociative)
    '>'  error (nonassociative)
    EQ   error (nonassociative)
    NE   error (nonassociative)
    GE   error (nonassociative)
    LE   error (nonassociative)

    $default  reduce using rule 13 (expr)


State 27

    6 expr: expr . PLUS expr
    7     | expr . '-' expr
    8     | expr . '*' expr
    9     | expr . '/' expr
   10     | expr . '<' expr
   11     | expr . '>' expr
   12     | expr . LE expr
   12     | expr LE expr .
   13     | expr . GE expr
   14     | expr . EQ expr
   15     | expr . NE expr

    PLUS  shift, and go to state 8
    '-'   shift, and go to state 15
    '*'   shift, and go to state 16
    '/'   shift, and go to state 17

    '<'  error (nonassociative)
    '>'  error (nonassociative)
    EQ   error (nonassociative)
    NE   error (nonassociative)
    GE   error (nonassociative)
    LE   error (nonassociative)

    $default  reduce using rule 12 (expr)


State 28

    6 expr: expr . PLUS expr
    7     | expr . '-' expr
    7     | expr '-' expr .
    8     | expr . '*' expr
    9     | expr . '/' expr
   10     | expr . '<' expr
   11     | expr . '>' expr
   12     | expr . LE expr
   13     | expr . GE expr
   14     | expr . EQ expr
   15     | expr . NE expr

    '*'  shift, and go to state 16
    '/'  shift, and go to state 17

    $default  reduce using rule 7 (expr)


State 29

    6 expr: expr . PLUS expr
    7     | expr . '-' expr
    8     | expr . '*' expr
    8     | expr '*' expr .
    9     | expr . '/' expr
   10     | expr . '<' expr
   11     | expr . '>' expr
   12     | expr . LE expr
   13     | expr . GE expr
   14     | expr . EQ expr
   15     | expr . NE expr

    $default  reduce using rule 8 (expr)


State 30

    6 expr: expr . PLUS expr
    7     | expr . '-' expr
    8     | expr . '*' expr
    9     | expr . '/' expr
    9     | expr '/' expr .
   10     | expr . '<' expr
   11     | expr . '>' expr
   12     | expr . LE expr
   13     | expr . GE expr
   14     | expr . EQ expr
   15     | expr . NE expr

    $default  reduce using rule 9 (expr)
